[INFO] Scanning for projects...
[INFO] 
[INFO] ----------< vn.edu.hcmuaf.fit.backend:bookingticket_backend >-----------
[INFO] Building bookingticket_backend 0.0.1-SNAPSHOT
[INFO]   from pom.xml
[INFO] --------------------------------[ jar ]---------------------------------
[INFO] 
[INFO] >>> spring-boot:3.2.4:run (default-cli) > test-compile @ bookingticket_backend >>>
[INFO] 
[INFO] --- resources:3.3.1:resources (default-resources) @ bookingticket_backend ---
[INFO] Copying 2 resources from src\main\resources to target\classes
[INFO] Copying 13 resources from src\main\resources to target\classes
[INFO] 
[INFO] --- compiler:3.11.0:compile (default-compile) @ bookingticket_backend ---
[INFO] Nothing to compile - all classes are up to date
[INFO] 
[INFO] --- resources:3.3.1:testResources (default-testResources) @ bookingticket_backend ---
[INFO] skip non existing resourceDirectory C:\Users\vothe\OneDrive\Documents\project\bookingticket\bookingticket_backend\src\test\resources
[INFO] 
[INFO] --- compiler:3.11.0:testCompile (default-testCompile) @ bookingticket_backend ---
[INFO] Nothing to compile - all classes are up to date
[INFO] 
[INFO] <<< spring-boot:3.2.4:run (default-cli) < test-compile @ bookingticket_backend <<<
[INFO] 
[INFO] 
[INFO] --- spring-boot:3.2.4:run (default-cli) @ bookingticket_backend ---
[INFO] Attaching agents: []

  .   ____          _            __ _ _
 /\\ / ___'_ __ _ _(_)_ __  __ _ \ \ \ \
( ( )\___ | '_ | '_| | '_ \/ _` | \ \ \ \
 \\/  ___)| |_)| | | | | || (_| |  ) ) ) )
  '  |____| .__|_| |_|_| |_\__, | / / / /
 =========|_|==============|___/=/_/_/_/
 :: Spring Boot ::                (v3.2.4)

2025-11-12T02:29:57.354+07:00  INFO 21404 --- [bookingticket_backend] [  restartedMain] .h.f.b.b.BookingticketBackendApplication : Starting BookingticketBackendApplication using Java 21.0.7 with PID 21404 (C:\Users\vothe\OneDrive\Documents\project\bookingticket\bookingticket_backend\target\classes started by vothe in C:\Users\vothe\OneDrive\Documents\project\bookingticket\bookingticket_backend)
2025-11-12T02:29:57.357+07:00  INFO 21404 --- [bookingticket_backend] [  restartedMain] .h.f.b.b.BookingticketBackendApplication : No active profile set, falling back to 1 default profile: "default"
2025-11-12T02:29:57.439+07:00  INFO 21404 --- [bookingticket_backend] [  restartedMain] .e.DevToolsPropertyDefaultsPostProcessor : Devtools property defaults active! Set 'spring.devtools.add-properties' to 'false' to disable
2025-11-12T02:29:57.439+07:00  INFO 21404 --- [bookingticket_backend] [  restartedMain] .e.DevToolsPropertyDefaultsPostProcessor : For additional web related logging consider setting the 'logging.level.web' property to 'DEBUG'
2025-11-12T02:29:58.722+07:00  INFO 21404 --- [bookingticket_backend] [  restartedMain] .s.d.r.c.RepositoryConfigurationDelegate : Bootstrapping Spring Data JPA repositories in DEFAULT mode.
2025-11-12T02:29:58.954+07:00  INFO 21404 --- [bookingticket_backend] [  restartedMain] .s.d.r.c.RepositoryConfigurationDelegate : Finished Spring Data repository scanning in 217 ms. Found 17 JPA repository interfaces.
2025-11-12T02:29:59.980+07:00  INFO 21404 --- [bookingticket_backend] [  restartedMain] o.s.b.w.embedded.tomcat.TomcatWebServer  : Tomcat initialized with port 8081 (http)
2025-11-12T02:29:59.994+07:00  INFO 21404 --- [bookingticket_backend] [  restartedMain] o.apache.catalina.core.StandardService   : Starting service [Tomcat]
2025-11-12T02:29:59.994+07:00  INFO 21404 --- [bookingticket_backend] [  restartedMain] o.apache.catalina.core.StandardEngine    : Starting Servlet engine: [Apache Tomcat/10.1.19]
2025-11-12T02:30:00.073+07:00  INFO 21404 --- [bookingticket_backend] [  restartedMain] o.a.c.c.C.[Tomcat].[localhost].[/]       : Initializing Spring embedded WebApplicationContext
2025-11-12T02:30:00.073+07:00  INFO 21404 --- [bookingticket_backend] [  restartedMain] w.s.c.ServletWebServerApplicationContext : Root WebApplicationContext: initialization completed in 2634 ms
2025-11-12T02:30:00.310+07:00  INFO 21404 --- [bookingticket_backend] [  restartedMain] o.hibernate.jpa.internal.util.LogHelper  : HHH000204: Processing PersistenceUnitInfo [name: default]
2025-11-12T02:30:00.394+07:00  INFO 21404 --- [bookingticket_backend] [  restartedMain] org.hibernate.Version                    : HHH000412: Hibernate ORM core version 6.4.4.Final
2025-11-12T02:30:00.446+07:00  INFO 21404 --- [bookingticket_backend] [  restartedMain] o.h.c.internal.RegionFactoryInitiator    : HHH000026: Second-level cache disabled
2025-11-12T02:30:00.566+07:00 DEBUG 21404 --- [bookingticket_backend] [  restartedMain] org.hibernate.type.BasicTypeRegistry     : Adding type registration boolean -> org.hibernate.type.BasicTypeReference@4c4ac9ba
2025-11-12T02:30:00.566+07:00 DEBUG 21404 --- [bookingticket_backend] [  restartedMain] org.hibernate.type.BasicTypeRegistry     : Adding type registration boolean -> org.hibernate.type.BasicTypeReference@4c4ac9ba
2025-11-12T02:30:00.568+07:00 DEBUG 21404 --- [bookingticket_backend] [  restartedMain] org.hibernate.type.BasicTypeRegistry     : Adding type registration java.lang.Boolean -> org.hibernate.type.BasicTypeReference@4c4ac9ba
2025-11-12T02:30:00.568+07:00 DEBUG 21404 --- [bookingticket_backend] [  restartedMain] org.hibernate.type.BasicTypeRegistry     : Adding type registration numeric_boolean -> org.hibernate.type.BasicTypeReference@607952f2
2025-11-12T02:30:00.568+07:00 DEBUG 21404 --- [bookingticket_backend] [  restartedMain] org.hibernate.type.BasicTypeRegistry     : Adding type registration org.hibernate.type.NumericBooleanConverter -> org.hibernate.type.BasicTypeReference@607952f2
2025-11-12T02:30:00.568+07:00 DEBUG 21404 --- [bookingticket_backend] [  restartedMain] org.hibernate.type.BasicTypeRegistry     : Adding type registration true_false -> org.hibernate.type.BasicTypeReference@47a39fb5
2025-11-12T02:30:00.568+07:00 DEBUG 21404 --- [bookingticket_backend] [  restartedMain] org.hibernate.type.BasicTypeRegistry     : Adding type registration org.hibernate.type.TrueFalseConverter -> org.hibernate.type.BasicTypeReference@47a39fb5
2025-11-12T02:30:00.568+07:00 DEBUG 21404 --- [bookingticket_backend] [  restartedMain] org.hibernate.type.BasicTypeRegistry     : Adding type registration yes_no -> org.hibernate.type.BasicTypeReference@475ddbf3
2025-11-12T02:30:00.568+07:00 DEBUG 21404 --- [bookingticket_backend] [  restartedMain] org.hibernate.type.BasicTypeRegistry     : Adding type registration org.hibernate.type.YesNoConverter -> org.hibernate.type.BasicTypeReference@475ddbf3
2025-11-12T02:30:00.568+07:00 DEBUG 21404 --- [bookingticket_backend] [  restartedMain] org.hibernate.type.BasicTypeRegistry     : Adding type registration byte -> org.hibernate.type.BasicTypeReference@5dc0ddbb
2025-11-12T02:30:00.568+07:00 DEBUG 21404 --- [bookingticket_backend] [  restartedMain] org.hibernate.type.BasicTypeRegistry     : Adding type registration byte -> org.hibernate.type.BasicTypeReference@5dc0ddbb
2025-11-12T02:30:00.568+07:00 DEBUG 21404 --- [bookingticket_backend] [  restartedMain] org.hibernate.type.BasicTypeRegistry     : Adding type registration java.lang.Byte -> org.hibernate.type.BasicTypeReference@5dc0ddbb
2025-11-12T02:30:00.568+07:00 DEBUG 21404 --- [bookingticket_backend] [  restartedMain] org.hibernate.type.BasicTypeRegistry     : Adding type registration binary -> org.hibernate.type.BasicTypeReference@7704fa33
2025-11-12T02:30:00.568+07:00 DEBUG 21404 --- [bookingticket_backend] [  restartedMain] org.hibernate.type.BasicTypeRegistry     : Adding type registration byte[] -> org.hibernate.type.BasicTypeReference@7704fa33
2025-11-12T02:30:00.568+07:00 DEBUG 21404 --- [bookingticket_backend] [  restartedMain] org.hibernate.type.BasicTypeRegistry     : Adding type registration [B -> org.hibernate.type.BasicTypeReference@7704fa33
2025-11-12T02:30:00.568+07:00 DEBUG 21404 --- [bookingticket_backend] [  restartedMain] org.hibernate.type.BasicTypeRegistry     : Adding type registration binary_wrapper -> org.hibernate.type.BasicTypeReference@2c819d51
2025-11-12T02:30:00.568+07:00 DEBUG 21404 --- [bookingticket_backend] [  restartedMain] org.hibernate.type.BasicTypeRegistry     : Adding type registration wrapper-binary -> org.hibernate.type.BasicTypeReference@2c819d51
2025-11-12T02:30:00.568+07:00 DEBUG 21404 --- [bookingticket_backend] [  restartedMain] org.hibernate.type.BasicTypeRegistry     : Adding type registration image -> org.hibernate.type.BasicTypeReference@52a4971
2025-11-12T02:30:00.570+07:00 DEBUG 21404 --- [bookingticket_backend] [  restartedMain] org.hibernate.type.BasicTypeRegistry     : Adding type registration blob -> org.hibernate.type.BasicTypeReference@5e5c716a
2025-11-12T02:30:00.570+07:00 DEBUG 21404 --- [bookingticket_backend] [  restartedMain] org.hibernate.type.BasicTypeRegistry     : Adding type registration java.sql.Blob -> org.hibernate.type.BasicTypeReference@5e5c716a
2025-11-12T02:30:00.570+07:00 DEBUG 21404 --- [bookingticket_backend] [  restartedMain] org.hibernate.type.BasicTypeRegistry     : Adding type registration materialized_blob -> org.hibernate.type.BasicTypeReference@ed9ddf0
2025-11-12T02:30:00.570+07:00 DEBUG 21404 --- [bookingticket_backend] [  restartedMain] org.hibernate.type.BasicTypeRegistry     : Adding type registration materialized_blob_wrapper -> org.hibernate.type.BasicTypeReference@2e12b26f
2025-11-12T02:30:00.570+07:00 DEBUG 21404 --- [bookingticket_backend] [  restartedMain] org.hibernate.type.BasicTypeRegistry     : Adding type registration short -> org.hibernate.type.BasicTypeReference@79a4171d
2025-11-12T02:30:00.570+07:00 DEBUG 21404 --- [bookingticket_backend] [  restartedMain] org.hibernate.type.BasicTypeRegistry     : Adding type registration short -> org.hibernate.type.BasicTypeReference@79a4171d
2025-11-12T02:30:00.570+07:00 DEBUG 21404 --- [bookingticket_backend] [  restartedMain] org.hibernate.type.BasicTypeRegistry     : Adding type registration java.lang.Short -> org.hibernate.type.BasicTypeReference@79a4171d
2025-11-12T02:30:00.570+07:00 DEBUG 21404 --- [bookingticket_backend] [  restartedMain] org.hibernate.type.BasicTypeRegistry     : Adding type registration integer -> org.hibernate.type.BasicTypeReference@444efe62
2025-11-12T02:30:00.570+07:00 DEBUG 21404 --- [bookingticket_backend] [  restartedMain] org.hibernate.type.BasicTypeRegistry     : Adding type registration int -> org.hibernate.type.BasicTypeReference@444efe62
2025-11-12T02:30:00.570+07:00 DEBUG 21404 --- [bookingticket_backend] [  restartedMain] org.hibernate.type.BasicTypeRegistry     : Adding type registration java.lang.Integer -> org.hibernate.type.BasicTypeReference@444efe62
2025-11-12T02:30:00.570+07:00 DEBUG 21404 --- [bookingticket_backend] [  restartedMain] org.hibernate.type.BasicTypeRegistry     : Adding type registration long -> org.hibernate.type.BasicTypeReference@4388d46
2025-11-12T02:30:00.570+07:00 DEBUG 21404 --- [bookingticket_backend] [  restartedMain] org.hibernate.type.BasicTypeRegistry     : Adding type registration long -> org.hibernate.type.BasicTypeReference@4388d46
2025-11-12T02:30:00.570+07:00 DEBUG 21404 --- [bookingticket_backend] [  restartedMain] org.hibernate.type.BasicTypeRegistry     : Adding type registration java.lang.Long -> org.hibernate.type.BasicTypeReference@4388d46
2025-11-12T02:30:00.570+07:00 DEBUG 21404 --- [bookingticket_backend] [  restartedMain] org.hibernate.type.BasicTypeRegistry     : Adding type registration float -> org.hibernate.type.BasicTypeReference@3f02d664
2025-11-12T02:30:00.570+07:00 DEBUG 21404 --- [bookingticket_backend] [  restartedMain] org.hibernate.type.BasicTypeRegistry     : Adding type registration float -> org.hibernate.type.BasicTypeReference@3f02d664
2025-11-12T02:30:00.570+07:00 DEBUG 21404 --- [bookingticket_backend] [  restartedMain] org.hibernate.type.BasicTypeRegistry     : Adding type registration java.lang.Float -> org.hibernate.type.BasicTypeReference@3f02d664
2025-11-12T02:30:00.570+07:00 DEBUG 21404 --- [bookingticket_backend] [  restartedMain] org.hibernate.type.BasicTypeRegistry     : Adding type registration double -> org.hibernate.type.BasicTypeReference@66c73266
2025-11-12T02:30:00.572+07:00 DEBUG 21404 --- [bookingticket_backend] [  restartedMain] org.hibernate.type.BasicTypeRegistry     : Adding type registration double -> org.hibernate.type.BasicTypeReference@66c73266
2025-11-12T02:30:00.572+07:00 DEBUG 21404 --- [bookingticket_backend] [  restartedMain] org.hibernate.type.BasicTypeRegistry     : Adding type registration java.lang.Double -> org.hibernate.type.BasicTypeReference@66c73266
2025-11-12T02:30:00.572+07:00 DEBUG 21404 --- [bookingticket_backend] [  restartedMain] org.hibernate.type.BasicTypeRegistry     : Adding type registration big_integer -> org.hibernate.type.BasicTypeReference@55c97d32
2025-11-12T02:30:00.572+07:00 DEBUG 21404 --- [bookingticket_backend] [  restartedMain] org.hibernate.type.BasicTypeRegistry     : Adding type registration java.math.BigInteger -> org.hibernate.type.BasicTypeReference@55c97d32
2025-11-12T02:30:00.572+07:00 DEBUG 21404 --- [bookingticket_backend] [  restartedMain] org.hibernate.type.BasicTypeRegistry     : Adding type registration big_decimal -> org.hibernate.type.BasicTypeReference@15db9870
2025-11-12T02:30:00.572+07:00 DEBUG 21404 --- [bookingticket_backend] [  restartedMain] org.hibernate.type.BasicTypeRegistry     : Adding type registration java.math.BigDecimal -> org.hibernate.type.BasicTypeReference@15db9870
2025-11-12T02:30:00.572+07:00 DEBUG 21404 --- [bookingticket_backend] [  restartedMain] org.hibernate.type.BasicTypeRegistry     : Adding type registration character -> org.hibernate.type.BasicTypeReference@3c43dd59
2025-11-12T02:30:00.572+07:00 DEBUG 21404 --- [bookingticket_backend] [  restartedMain] org.hibernate.type.BasicTypeRegistry     : Adding type registration char -> org.hibernate.type.BasicTypeReference@3c43dd59
2025-11-12T02:30:00.572+07:00 DEBUG 21404 --- [bookingticket_backend] [  restartedMain] org.hibernate.type.BasicTypeRegistry     : Adding type registration java.lang.Character -> org.hibernate.type.BasicTypeReference@3c43dd59
2025-11-12T02:30:00.572+07:00 DEBUG 21404 --- [bookingticket_backend] [  restartedMain] org.hibernate.type.BasicTypeRegistry     : Adding type registration character_nchar -> org.hibernate.type.BasicTypeReference@63c88cb5
2025-11-12T02:30:00.572+07:00 DEBUG 21404 --- [bookingticket_backend] [  restartedMain] org.hibernate.type.BasicTypeRegistry     : Adding type registration string -> org.hibernate.type.BasicTypeReference@7df65d13
2025-11-12T02:30:00.573+07:00 DEBUG 21404 --- [bookingticket_backend] [  restartedMain] org.hibernate.type.BasicTypeRegistry     : Adding type registration java.lang.String -> org.hibernate.type.BasicTypeReference@7df65d13
2025-11-12T02:30:00.573+07:00 DEBUG 21404 --- [bookingticket_backend] [  restartedMain] org.hibernate.type.BasicTypeRegistry     : Adding type registration nstring -> org.hibernate.type.BasicTypeReference@342742c5
2025-11-12T02:30:00.573+07:00 DEBUG 21404 --- [bookingticket_backend] [  restartedMain] org.hibernate.type.BasicTypeRegistry     : Adding type registration characters -> org.hibernate.type.BasicTypeReference@16acf80d
2025-11-12T02:30:00.573+07:00 DEBUG 21404 --- [bookingticket_backend] [  restartedMain] org.hibernate.type.BasicTypeRegistry     : Adding type registration char[] -> org.hibernate.type.BasicTypeReference@16acf80d
2025-11-12T02:30:00.573+07:00 DEBUG 21404 --- [bookingticket_backend] [  restartedMain] org.hibernate.type.BasicTypeRegistry     : Adding type registration [C -> org.hibernate.type.BasicTypeReference@16acf80d
2025-11-12T02:30:00.573+07:00 DEBUG 21404 --- [bookingticket_backend] [  restartedMain] org.hibernate.type.BasicTypeRegistry     : Adding type registration wrapper-characters -> org.hibernate.type.BasicTypeReference@31a67349
2025-11-12T02:30:00.573+07:00 DEBUG 21404 --- [bookingticket_backend] [  restartedMain] org.hibernate.type.BasicTypeRegistry     : Adding type registration text -> org.hibernate.type.BasicTypeReference@7ef7beab
2025-11-12T02:30:00.573+07:00 DEBUG 21404 --- [bookingticket_backend] [  restartedMain] org.hibernate.type.BasicTypeRegistry     : Adding type registration ntext -> org.hibernate.type.BasicTypeReference@70c8fada
2025-11-12T02:30:00.573+07:00 DEBUG 21404 --- [bookingticket_backend] [  restartedMain] org.hibernate.type.BasicTypeRegistry     : Adding type registration clob -> org.hibernate.type.BasicTypeReference@1d5185e
2025-11-12T02:30:00.573+07:00 DEBUG 21404 --- [bookingticket_backend] [  restartedMain] org.hibernate.type.BasicTypeRegistry     : Adding type registration java.sql.Clob -> org.hibernate.type.BasicTypeReference@1d5185e
2025-11-12T02:30:00.573+07:00 DEBUG 21404 --- [bookingticket_backend] [  restartedMain] org.hibernate.type.BasicTypeRegistry     : Adding type registration nclob -> org.hibernate.type.BasicTypeReference@36b0f16
2025-11-12T02:30:00.573+07:00 DEBUG 21404 --- [bookingticket_backend] [  restartedMain] org.hibernate.type.BasicTypeRegistry     : Adding type registration java.sql.NClob -> org.hibernate.type.BasicTypeReference@36b0f16
2025-11-12T02:30:00.573+07:00 DEBUG 21404 --- [bookingticket_backend] [  restartedMain] org.hibernate.type.BasicTypeRegistry     : Adding type registration materialized_clob -> org.hibernate.type.BasicTypeReference@402aeb36
2025-11-12T02:30:00.573+07:00 DEBUG 21404 --- [bookingticket_backend] [  restartedMain] org.hibernate.type.BasicTypeRegistry     : Adding type registration materialized_clob_char_array -> org.hibernate.type.BasicTypeReference@7783d7c3
2025-11-12T02:30:00.573+07:00 DEBUG 21404 --- [bookingticket_backend] [  restartedMain] org.hibernate.type.BasicTypeRegistry     : Adding type registration materialized_clob_character_array -> org.hibernate.type.BasicTypeReference@5ebd3685
2025-11-12T02:30:00.573+07:00 DEBUG 21404 --- [bookingticket_backend] [  restartedMain] org.hibernate.type.BasicTypeRegistry     : Adding type registration materialized_nclob -> org.hibernate.type.BasicTypeReference@5f581fb
2025-11-12T02:30:00.573+07:00 DEBUG 21404 --- [bookingticket_backend] [  restartedMain] org.hibernate.type.BasicTypeRegistry     : Adding type registration materialized_nclob_character_array -> org.hibernate.type.BasicTypeReference@1291b928
2025-11-12T02:30:00.573+07:00 DEBUG 21404 --- [bookingticket_backend] [  restartedMain] org.hibernate.type.BasicTypeRegistry     : Adding type registration materialized_nclob_char_array -> org.hibernate.type.BasicTypeReference@7b455976
2025-11-12T02:30:00.573+07:00 DEBUG 21404 --- [bookingticket_backend] [  restartedMain] org.hibernate.type.BasicTypeRegistry     : Adding type registration Duration -> org.hibernate.type.BasicTypeReference@4c7b4185
2025-11-12T02:30:00.573+07:00 DEBUG 21404 --- [bookingticket_backend] [  restartedMain] org.hibernate.type.BasicTypeRegistry     : Adding type registration java.time.Duration -> org.hibernate.type.BasicTypeReference@4c7b4185
2025-11-12T02:30:00.573+07:00 DEBUG 21404 --- [bookingticket_backend] [  restartedMain] org.hibernate.type.BasicTypeRegistry     : Adding type registration LocalDateTime -> org.hibernate.type.BasicTypeReference@65a8eba8
2025-11-12T02:30:00.573+07:00 DEBUG 21404 --- [bookingticket_backend] [  restartedMain] org.hibernate.type.BasicTypeRegistry     : Adding type registration java.time.LocalDateTime -> org.hibernate.type.BasicTypeReference@65a8eba8
2025-11-12T02:30:00.573+07:00 DEBUG 21404 --- [bookingticket_backend] [  restartedMain] org.hibernate.type.BasicTypeRegistry     : Adding type registration LocalDate -> org.hibernate.type.BasicTypeReference@7aef46cc
2025-11-12T02:30:00.573+07:00 DEBUG 21404 --- [bookingticket_backend] [  restartedMain] org.hibernate.type.BasicTypeRegistry     : Adding type registration java.time.LocalDate -> org.hibernate.type.BasicTypeReference@7aef46cc
2025-11-12T02:30:00.573+07:00 DEBUG 21404 --- [bookingticket_backend] [  restartedMain] org.hibernate.type.BasicTypeRegistry     : Adding type registration LocalTime -> org.hibernate.type.BasicTypeReference@2b302e0e
2025-11-12T02:30:00.573+07:00 DEBUG 21404 --- [bookingticket_backend] [  restartedMain] org.hibernate.type.BasicTypeRegistry     : Adding type registration java.time.LocalTime -> org.hibernate.type.BasicTypeReference@2b302e0e
2025-11-12T02:30:00.573+07:00 DEBUG 21404 --- [bookingticket_backend] [  restartedMain] org.hibernate.type.BasicTypeRegistry     : Adding type registration OffsetDateTime -> org.hibernate.type.BasicTypeReference@3dd13584
2025-11-12T02:30:00.573+07:00 DEBUG 21404 --- [bookingticket_backend] [  restartedMain] org.hibernate.type.BasicTypeRegistry     : Adding type registration java.time.OffsetDateTime -> org.hibernate.type.BasicTypeReference@3dd13584
2025-11-12T02:30:00.573+07:00 DEBUG 21404 --- [bookingticket_backend] [  restartedMain] org.hibernate.type.BasicTypeRegistry     : Adding type registration OffsetDateTimeWithTimezone -> org.hibernate.type.BasicTypeReference@1f067c3d
2025-11-12T02:30:00.573+07:00 DEBUG 21404 --- [bookingticket_backend] [  restartedMain] org.hibernate.type.BasicTypeRegistry     : Adding type registration OffsetDateTimeWithoutTimezone -> org.hibernate.type.BasicTypeReference@1fdf9037
2025-11-12T02:30:00.573+07:00 DEBUG 21404 --- [bookingticket_backend] [  restartedMain] org.hibernate.type.BasicTypeRegistry     : Adding type registration OffsetTime -> org.hibernate.type.BasicTypeReference@35359d9c
2025-11-12T02:30:00.573+07:00 DEBUG 21404 --- [bookingticket_backend] [  restartedMain] org.hibernate.type.BasicTypeRegistry     : Adding type registration java.time.OffsetTime -> org.hibernate.type.BasicTypeReference@35359d9c
2025-11-12T02:30:00.573+07:00 DEBUG 21404 --- [bookingticket_backend] [  restartedMain] org.hibernate.type.BasicTypeRegistry     : Adding type registration OffsetTimeUtc -> org.hibernate.type.BasicTypeReference@17cf3ab
2025-11-12T02:30:00.573+07:00 DEBUG 21404 --- [bookingticket_backend] [  restartedMain] org.hibernate.type.BasicTypeRegistry     : Adding type registration OffsetTimeWithTimezone -> org.hibernate.type.BasicTypeReference@2d37802d
2025-11-12T02:30:00.573+07:00 DEBUG 21404 --- [bookingticket_backend] [  restartedMain] org.hibernate.type.BasicTypeRegistry     : Adding type registration OffsetTimeWithoutTimezone -> org.hibernate.type.BasicTypeReference@4e0ae394
2025-11-12T02:30:00.573+07:00 DEBUG 21404 --- [bookingticket_backend] [  restartedMain] org.hibernate.type.BasicTypeRegistry     : Adding type registration ZonedDateTime -> org.hibernate.type.BasicTypeReference@574a5eb4
2025-11-12T02:30:00.573+07:00 DEBUG 21404 --- [bookingticket_backend] [  restartedMain] org.hibernate.type.BasicTypeRegistry     : Adding type registration java.time.ZonedDateTime -> org.hibernate.type.BasicTypeReference@574a5eb4
2025-11-12T02:30:00.573+07:00 DEBUG 21404 --- [bookingticket_backend] [  restartedMain] org.hibernate.type.BasicTypeRegistry     : Adding type registration ZonedDateTimeWithTimezone -> org.hibernate.type.BasicTypeReference@314d1e5d
2025-11-12T02:30:00.573+07:00 DEBUG 21404 --- [bookingticket_backend] [  restartedMain] org.hibernate.type.BasicTypeRegistry     : Adding type registration ZonedDateTimeWithoutTimezone -> org.hibernate.type.BasicTypeReference@206ad6b1
2025-11-12T02:30:00.573+07:00 DEBUG 21404 --- [bookingticket_backend] [  restartedMain] org.hibernate.type.BasicTypeRegistry     : Adding type registration date -> org.hibernate.type.BasicTypeReference@39e5976b
2025-11-12T02:30:00.573+07:00 DEBUG 21404 --- [bookingticket_backend] [  restartedMain] org.hibernate.type.BasicTypeRegistry     : Adding type registration java.sql.Date -> org.hibernate.type.BasicTypeReference@39e5976b
2025-11-12T02:30:00.573+07:00 DEBUG 21404 --- [bookingticket_backend] [  restartedMain] org.hibernate.type.BasicTypeRegistry     : Adding type registration time -> org.hibernate.type.BasicTypeReference@3c5fd11d
2025-11-12T02:30:00.573+07:00 DEBUG 21404 --- [bookingticket_backend] [  restartedMain] org.hibernate.type.BasicTypeRegistry     : Adding type registration java.sql.Time -> org.hibernate.type.BasicTypeReference@3c5fd11d
2025-11-12T02:30:00.578+07:00 DEBUG 21404 --- [bookingticket_backend] [  restartedMain] org.hibernate.type.BasicTypeRegistry     : Adding type registration timestamp -> org.hibernate.type.BasicTypeReference@65399f3d
2025-11-12T02:30:00.578+07:00 DEBUG 21404 --- [bookingticket_backend] [  restartedMain] org.hibernate.type.BasicTypeRegistry     : Adding type registration java.sql.Timestamp -> org.hibernate.type.BasicTypeReference@65399f3d
2025-11-12T02:30:00.578+07:00 DEBUG 21404 --- [bookingticket_backend] [  restartedMain] org.hibernate.type.BasicTypeRegistry     : Adding type registration java.util.Date -> org.hibernate.type.BasicTypeReference@65399f3d
2025-11-12T02:30:00.578+07:00 DEBUG 21404 --- [bookingticket_backend] [  restartedMain] org.hibernate.type.BasicTypeRegistry     : Adding type registration calendar -> org.hibernate.type.BasicTypeReference@13100275
2025-11-12T02:30:00.578+07:00 DEBUG 21404 --- [bookingticket_backend] [  restartedMain] org.hibernate.type.BasicTypeRegistry     : Adding type registration java.util.Calendar -> org.hibernate.type.BasicTypeReference@13100275
2025-11-12T02:30:00.578+07:00 DEBUG 21404 --- [bookingticket_backend] [  restartedMain] org.hibernate.type.BasicTypeRegistry     : Adding type registration java.util.GregorianCalendar -> org.hibernate.type.BasicTypeReference@13100275
2025-11-12T02:30:00.578+07:00 DEBUG 21404 --- [bookingticket_backend] [  restartedMain] org.hibernate.type.BasicTypeRegistry     : Adding type registration calendar_date -> org.hibernate.type.BasicTypeReference@65b91b3
2025-11-12T02:30:00.578+07:00 DEBUG 21404 --- [bookingticket_backend] [  restartedMain] org.hibernate.type.BasicTypeRegistry     : Adding type registration calendar_time -> org.hibernate.type.BasicTypeReference@444e7f5c
2025-11-12T02:30:00.578+07:00 DEBUG 21404 --- [bookingticket_backend] [  restartedMain] org.hibernate.type.BasicTypeRegistry     : Adding type registration instant -> org.hibernate.type.BasicTypeReference@6da7d09f
2025-11-12T02:30:00.578+07:00 DEBUG 21404 --- [bookingticket_backend] [  restartedMain] org.hibernate.type.BasicTypeRegistry     : Adding type registration java.time.Instant -> org.hibernate.type.BasicTypeReference@6da7d09f
2025-11-12T02:30:00.578+07:00 DEBUG 21404 --- [bookingticket_backend] [  restartedMain] org.hibernate.type.BasicTypeRegistry     : Adding type registration uuid -> org.hibernate.type.BasicTypeReference@7e3764f4
2025-11-12T02:30:00.578+07:00 DEBUG 21404 --- [bookingticket_backend] [  restartedMain] org.hibernate.type.BasicTypeRegistry     : Adding type registration java.util.UUID -> org.hibernate.type.BasicTypeReference@7e3764f4
2025-11-12T02:30:00.578+07:00 DEBUG 21404 --- [bookingticket_backend] [  restartedMain] org.hibernate.type.BasicTypeRegistry     : Adding type registration pg-uuid -> org.hibernate.type.BasicTypeReference@7e3764f4
2025-11-12T02:30:00.578+07:00 DEBUG 21404 --- [bookingticket_backend] [  restartedMain] org.hibernate.type.BasicTypeRegistry     : Adding type registration uuid-binary -> org.hibernate.type.BasicTypeReference@243bb488
2025-11-12T02:30:00.578+07:00 DEBUG 21404 --- [bookingticket_backend] [  restartedMain] org.hibernate.type.BasicTypeRegistry     : Adding type registration uuid-char -> org.hibernate.type.BasicTypeReference@13388bcc
2025-11-12T02:30:00.578+07:00 DEBUG 21404 --- [bookingticket_backend] [  restartedMain] org.hibernate.type.BasicTypeRegistry     : Adding type registration class -> org.hibernate.type.BasicTypeReference@40c8821c
2025-11-12T02:30:00.578+07:00 DEBUG 21404 --- [bookingticket_backend] [  restartedMain] org.hibernate.type.BasicTypeRegistry     : Adding type registration java.lang.Class -> org.hibernate.type.BasicTypeReference@40c8821c
2025-11-12T02:30:00.578+07:00 DEBUG 21404 --- [bookingticket_backend] [  restartedMain] org.hibernate.type.BasicTypeRegistry     : Adding type registration currency -> org.hibernate.type.BasicTypeReference@51d4e35
2025-11-12T02:30:00.578+07:00 DEBUG 21404 --- [bookingticket_backend] [  restartedMain] org.hibernate.type.BasicTypeRegistry     : Adding type registration Currency -> org.hibernate.type.BasicTypeReference@51d4e35
2025-11-12T02:30:00.580+07:00 DEBUG 21404 --- [bookingticket_backend] [  restartedMain] org.hibernate.type.BasicTypeRegistry     : Adding type registration java.util.Currency -> org.hibernate.type.BasicTypeReference@51d4e35
2025-11-12T02:30:00.580+07:00 DEBUG 21404 --- [bookingticket_backend] [  restartedMain] org.hibernate.type.BasicTypeRegistry     : Adding type registration locale -> org.hibernate.type.BasicTypeReference@7cfb25ea
2025-11-12T02:30:00.580+07:00 DEBUG 21404 --- [bookingticket_backend] [  restartedMain] org.hibernate.type.BasicTypeRegistry     : Adding type registration java.util.Locale -> org.hibernate.type.BasicTypeReference@7cfb25ea
2025-11-12T02:30:00.580+07:00 DEBUG 21404 --- [bookingticket_backend] [  restartedMain] org.hibernate.type.BasicTypeRegistry     : Adding type registration serializable -> org.hibernate.type.BasicTypeReference@2b4aa752
2025-11-12T02:30:00.580+07:00 DEBUG 21404 --- [bookingticket_backend] [  restartedMain] org.hibernate.type.BasicTypeRegistry     : Adding type registration java.io.Serializable -> org.hibernate.type.BasicTypeReference@2b4aa752
2025-11-12T02:30:00.580+07:00 DEBUG 21404 --- [bookingticket_backend] [  restartedMain] org.hibernate.type.BasicTypeRegistry     : Adding type registration timezone -> org.hibernate.type.BasicTypeReference@2f160845
2025-11-12T02:30:00.580+07:00 DEBUG 21404 --- [bookingticket_backend] [  restartedMain] org.hibernate.type.BasicTypeRegistry     : Adding type registration java.util.TimeZone -> org.hibernate.type.BasicTypeReference@2f160845
2025-11-12T02:30:00.580+07:00 DEBUG 21404 --- [bookingticket_backend] [  restartedMain] org.hibernate.type.BasicTypeRegistry     : Adding type registration ZoneOffset -> org.hibernate.type.BasicTypeReference@40958774
2025-11-12T02:30:00.580+07:00 DEBUG 21404 --- [bookingticket_backend] [  restartedMain] org.hibernate.type.BasicTypeRegistry     : Adding type registration java.time.ZoneOffset -> org.hibernate.type.BasicTypeReference@40958774
2025-11-12T02:30:00.580+07:00 DEBUG 21404 --- [bookingticket_backend] [  restartedMain] org.hibernate.type.BasicTypeRegistry     : Adding type registration url -> org.hibernate.type.BasicTypeReference@65e43ef9
2025-11-12T02:30:00.580+07:00 DEBUG 21404 --- [bookingticket_backend] [  restartedMain] org.hibernate.type.BasicTypeRegistry     : Adding type registration java.net.URL -> org.hibernate.type.BasicTypeReference@65e43ef9
2025-11-12T02:30:00.580+07:00 DEBUG 21404 --- [bookingticket_backend] [  restartedMain] org.hibernate.type.BasicTypeRegistry     : Adding type registration vector -> org.hibernate.type.BasicTypeReference@1b6a7520
2025-11-12T02:30:00.580+07:00 DEBUG 21404 --- [bookingticket_backend] [  restartedMain] org.hibernate.type.BasicTypeRegistry     : Adding type registration row_version -> org.hibernate.type.BasicTypeReference@4a11228
2025-11-12T02:30:00.580+07:00 DEBUG 21404 --- [bookingticket_backend] [  restartedMain] org.hibernate.type.BasicTypeRegistry     : Adding type registration object -> org.hibernate.type.JavaObjectType@7e78de98
2025-11-12T02:30:00.580+07:00 DEBUG 21404 --- [bookingticket_backend] [  restartedMain] org.hibernate.type.BasicTypeRegistry     : Adding type registration java.lang.Object -> org.hibernate.type.JavaObjectType@7e78de98
2025-11-12T02:30:00.589+07:00 DEBUG 21404 --- [bookingticket_backend] [  restartedMain] org.hibernate.type.BasicTypeRegistry     : Adding type registration null -> org.hibernate.type.NullType@4660bc82
2025-11-12T02:30:00.590+07:00 DEBUG 21404 --- [bookingticket_backend] [  restartedMain] org.hibernate.type.BasicTypeRegistry     : Adding type registration imm_date -> org.hibernate.type.BasicTypeReference@3091ce67
2025-11-12T02:30:00.590+07:00 DEBUG 21404 --- [bookingticket_backend] [  restartedMain] org.hibernate.type.BasicTypeRegistry     : Adding type registration imm_time -> org.hibernate.type.BasicTypeReference@2d0dd411
2025-11-12T02:30:00.590+07:00 DEBUG 21404 --- [bookingticket_backend] [  restartedMain] org.hibernate.type.BasicTypeRegistry     : Adding type registration imm_timestamp -> org.hibernate.type.BasicTypeReference@6e4af99e
2025-11-12T02:30:00.590+07:00 DEBUG 21404 --- [bookingticket_backend] [  restartedMain] org.hibernate.type.BasicTypeRegistry     : Adding type registration imm_calendar -> org.hibernate.type.BasicTypeReference@5016f0c6
2025-11-12T02:30:00.590+07:00 DEBUG 21404 --- [bookingticket_backend] [  restartedMain] org.hibernate.type.BasicTypeRegistry     : Adding type registration imm_calendar_date -> org.hibernate.type.BasicTypeReference@7a6c952
2025-11-12T02:30:00.590+07:00 DEBUG 21404 --- [bookingticket_backend] [  restartedMain] org.hibernate.type.BasicTypeRegistry     : Adding type registration imm_calendar_time -> org.hibernate.type.BasicTypeReference@444828eb
2025-11-12T02:30:00.590+07:00 DEBUG 21404 --- [bookingticket_backend] [  restartedMain] org.hibernate.type.BasicTypeRegistry     : Adding type registration imm_binary -> org.hibernate.type.BasicTypeReference@7d77bff5
2025-11-12T02:30:00.590+07:00 DEBUG 21404 --- [bookingticket_backend] [  restartedMain] org.hibernate.type.BasicTypeRegistry     : Adding type registration imm_serializable -> org.hibernate.type.BasicTypeReference@1a00e05d
2025-11-12T02:30:00.822+07:00  INFO 21404 --- [bookingticket_backend] [  restartedMain] o.s.o.j.p.SpringPersistenceUnitInfo      : No LoadTimeWeaver setup: ignoring JPA class transformer
2025-11-12T02:30:00.861+07:00  INFO 21404 --- [bookingticket_backend] [  restartedMain] com.zaxxer.hikari.HikariDataSource       : HikariPool-1 - Starting...
2025-11-12T02:30:01.108+07:00  INFO 21404 --- [bookingticket_backend] [  restartedMain] com.zaxxer.hikari.pool.HikariPool        : HikariPool-1 - Added connection com.mysql.cj.jdbc.ConnectionImpl@41fa3a44
2025-11-12T02:30:01.108+07:00  INFO 21404 --- [bookingticket_backend] [  restartedMain] com.zaxxer.hikari.HikariDataSource       : HikariPool-1 - Start completed.
2025-11-12T02:30:01.180+07:00  WARN 21404 --- [bookingticket_backend] [  restartedMain] org.hibernate.orm.deprecation            : HHH90000025: MySQLDialect does not need to be specified explicitly using 'hibernate.dialect' (remove the property setting and it will be selected by default)
2025-11-12T02:30:01.221+07:00 DEBUG 21404 --- [bookingticket_backend] [  restartedMain] o.h.t.d.sql.spi.DdlTypeRegistry          : addDescriptor(12, org.hibernate.type.descriptor.sql.internal.CapacityDependentDdlType@7f55a105) replaced previous registration(org.hibernate.type.descriptor.sql.internal.CapacityDependentDdlType@2d5171ab)
2025-11-12T02:30:01.221+07:00 DEBUG 21404 --- [bookingticket_backend] [  restartedMain] o.h.t.d.sql.spi.DdlTypeRegistry          : addDescriptor(-9, org.hibernate.type.descriptor.sql.internal.CapacityDependentDdlType@76b633bd) replaced previous registration(org.hibernate.type.descriptor.sql.internal.CapacityDependentDdlType@9c8144e)
2025-11-12T02:30:01.221+07:00 DEBUG 21404 --- [bookingticket_backend] [  restartedMain] o.h.t.d.sql.spi.DdlTypeRegistry          : addDescriptor(-3, org.hibernate.type.descriptor.sql.internal.CapacityDependentDdlType@5bc7d1fb) replaced previous registration(org.hibernate.type.descriptor.sql.internal.CapacityDependentDdlType@7d3d3f01)
2025-11-12T02:30:01.221+07:00 DEBUG 21404 --- [bookingticket_backend] [  restartedMain] o.h.t.d.sql.spi.DdlTypeRegistry          : addDescriptor(4003, org.hibernate.type.descriptor.sql.internal.DdlTypeImpl@3a51d0c0) replaced previous registration(org.hibernate.type.descriptor.sql.internal.DdlTypeImpl@73f2c9a0)
2025-11-12T02:30:01.221+07:00 DEBUG 21404 --- [bookingticket_backend] [  restartedMain] o.h.t.d.sql.spi.DdlTypeRegistry          : addDescriptor(4001, org.hibernate.type.descriptor.sql.internal.DdlTypeImpl@165f862c) replaced previous registration(org.hibernate.type.descriptor.sql.internal.DdlTypeImpl@28e66d1)
2025-11-12T02:30:01.221+07:00 DEBUG 21404 --- [bookingticket_backend] [  restartedMain] o.h.t.d.sql.spi.DdlTypeRegistry          : addDescriptor(4002, org.hibernate.type.descriptor.sql.internal.DdlTypeImpl@366d7190) replaced previous registration(org.hibernate.type.descriptor.sql.internal.DdlTypeImpl@53371134)
2025-11-12T02:30:01.221+07:00 DEBUG 21404 --- [bookingticket_backend] [  restartedMain] o.h.t.d.sql.spi.DdlTypeRegistry          : addDescriptor(2004, org.hibernate.type.descriptor.sql.internal.CapacityDependentDdlType@39339398) replaced previous registration(org.hibernate.type.descriptor.sql.internal.DdlTypeImpl@487ac281)
2025-11-12T02:30:01.221+07:00 DEBUG 21404 --- [bookingticket_backend] [  restartedMain] o.h.t.d.sql.spi.DdlTypeRegistry          : addDescriptor(2005, org.hibernate.type.descriptor.sql.internal.CapacityDependentDdlType@1546cbef) replaced previous registration(org.hibernate.type.descriptor.sql.internal.DdlTypeImpl@7e13c6c2)
2025-11-12T02:30:01.221+07:00 DEBUG 21404 --- [bookingticket_backend] [  restartedMain] o.h.t.d.sql.spi.DdlTypeRegistry          : addDescriptor(2011, org.hibernate.type.descriptor.sql.internal.CapacityDependentDdlType@5b1925cb) replaced previous registration(org.hibernate.type.descriptor.sql.internal.DdlTypeImpl@45698ae3)
2025-11-12T02:30:01.226+07:00 DEBUG 21404 --- [bookingticket_backend] [  restartedMain] o.h.t.d.jdbc.spi.JdbcTypeRegistry        : addDescriptor(NCharTypeDescriptor) replaced previous registration(CharTypeDescriptor)
2025-11-12T02:30:01.226+07:00 DEBUG 21404 --- [bookingticket_backend] [  restartedMain] o.h.t.d.jdbc.spi.JdbcTypeRegistry        : addDescriptor(NVarcharTypeDescriptor) replaced previous registration(VarcharTypeDescriptor)
2025-11-12T02:30:01.226+07:00 DEBUG 21404 --- [bookingticket_backend] [  restartedMain] o.h.t.d.jdbc.spi.JdbcTypeRegistry        : addDescriptor(LongNVarcharTypeDescriptor) replaced previous registration(LongVarcharTypeDescriptor)
2025-11-12T02:30:01.226+07:00 DEBUG 21404 --- [bookingticket_backend] [  restartedMain] o.h.t.d.jdbc.spi.JdbcTypeRegistry        : addDescriptor(NClobTypeDescriptor(DEFAULT)) replaced previous registration(ClobTypeDescriptor(DEFAULT))
2025-11-12T02:30:01.226+07:00 DEBUG 21404 --- [bookingticket_backend] [  restartedMain] o.h.t.d.jdbc.spi.JdbcTypeRegistry        : addDescriptor(2005, ClobTypeDescriptor(STREAM_BINDING)) replaced previous registration(ClobTypeDescriptor(DEFAULT))
2025-11-12T02:30:01.231+07:00 DEBUG 21404 --- [bookingticket_backend] [  restartedMain] org.hibernate.type.BasicTypeRegistry     : Adding type registration null -> org.hibernate.type.NullType@898cc95
2025-11-12T02:30:01.231+07:00 DEBUG 21404 --- [bookingticket_backend] [  restartedMain] org.hibernate.type.BasicTypeRegistry     : Type registration key [null] overrode previous entry : `org.hibernate.type.NullType@4660bc82`
2025-11-12T02:30:01.231+07:00 DEBUG 21404 --- [bookingticket_backend] [  restartedMain] org.hibernate.type.BasicTypeRegistry     : Adding type registration org.hibernate.type.DurationType -> basicType@1(java.time.Duration,3015)
2025-11-12T02:30:01.231+07:00 DEBUG 21404 --- [bookingticket_backend] [  restartedMain] org.hibernate.type.BasicTypeRegistry     : Adding type registration Duration -> basicType@1(java.time.Duration,3015)
2025-11-12T02:30:01.231+07:00 DEBUG 21404 --- [bookingticket_backend] [  restartedMain] org.hibernate.type.BasicTypeRegistry     : Adding type registration java.time.Duration -> basicType@1(java.time.Duration,3015)
2025-11-12T02:30:01.242+07:00 DEBUG 21404 --- [bookingticket_backend] [  restartedMain] org.hibernate.type.BasicTypeRegistry     : Adding type registration org.hibernate.type.OffsetDateTimeType -> basicType@2(java.time.OffsetDateTime,3003)
2025-11-12T02:30:01.242+07:00 DEBUG 21404 --- [bookingticket_backend] [  restartedMain] org.hibernate.type.BasicTypeRegistry     : Adding type registration OffsetDateTime -> basicType@2(java.time.OffsetDateTime,3003)
2025-11-12T02:30:01.242+07:00 DEBUG 21404 --- [bookingticket_backend] [  restartedMain] org.hibernate.type.BasicTypeRegistry     : Adding type registration java.time.OffsetDateTime -> basicType@2(java.time.OffsetDateTime,3003)
2025-11-12T02:30:01.242+07:00 DEBUG 21404 --- [bookingticket_backend] [  restartedMain] org.hibernate.type.BasicTypeRegistry     : Adding type registration org.hibernate.type.ZonedDateTimeType -> basicType@3(java.time.ZonedDateTime,3003)
2025-11-12T02:30:01.242+07:00 DEBUG 21404 --- [bookingticket_backend] [  restartedMain] org.hibernate.type.BasicTypeRegistry     : Adding type registration ZonedDateTime -> basicType@3(java.time.ZonedDateTime,3003)
2025-11-12T02:30:01.242+07:00 DEBUG 21404 --- [bookingticket_backend] [  restartedMain] org.hibernate.type.BasicTypeRegistry     : Adding type registration java.time.ZonedDateTime -> basicType@3(java.time.ZonedDateTime,3003)
2025-11-12T02:30:01.242+07:00 DEBUG 21404 --- [bookingticket_backend] [  restartedMain] org.hibernate.type.BasicTypeRegistry     : Adding type registration org.hibernate.type.OffsetTimeType -> basicType@4(java.time.OffsetTime,3007)
2025-11-12T02:30:01.242+07:00 DEBUG 21404 --- [bookingticket_backend] [  restartedMain] org.hibernate.type.BasicTypeRegistry     : Adding type registration OffsetTime -> basicType@4(java.time.OffsetTime,3007)
2025-11-12T02:30:01.242+07:00 DEBUG 21404 --- [bookingticket_backend] [  restartedMain] org.hibernate.type.BasicTypeRegistry     : Adding type registration java.time.OffsetTime -> basicType@4(java.time.OffsetTime,3007)
2025-11-12T02:30:01.242+07:00 DEBUG 21404 --- [bookingticket_backend] [  restartedMain] o.h.type.spi.TypeConfiguration$Scope     : Scoping TypeConfiguration [org.hibernate.type.spi.TypeConfiguration@391a3a16] to MetadataBuildingContext [org.hibernate.boot.internal.MetadataBuildingContextRootImpl@7f041e70]
2025-11-12T02:30:02.912+07:00  INFO 21404 --- [bookingticket_backend] [  restartedMain] o.h.e.t.j.p.i.JtaPlatformInitiator       : HHH000489: No JTA platform available (set 'hibernate.transaction.jta.platform' to enable JTA platform integration)
2025-11-12T02:30:02.912+07:00 DEBUG 21404 --- [bookingticket_backend] [  restartedMain] o.h.type.spi.TypeConfiguration$Scope     : Scoping TypeConfiguration [org.hibernate.type.spi.TypeConfiguration@391a3a16] to SessionFactoryImplementor [org.hibernate.internal.SessionFactoryImpl@402b181a]
2025-11-12T02:30:03.173+07:00 TRACE 21404 --- [bookingticket_backend] [  restartedMain] o.h.type.spi.TypeConfiguration$Scope     : Handling #sessionFactoryCreated from [org.hibernate.internal.SessionFactoryImpl@402b181a] for TypeConfiguration
2025-11-12T02:30:03.174+07:00  INFO 21404 --- [bookingticket_backend] [  restartedMain] j.LocalContainerEntityManagerFactoryBean : Initialized JPA EntityManagerFactory for persistence unit 'default'
2025-11-12T02:30:03.727+07:00  INFO 21404 --- [bookingticket_backend] [  restartedMain] o.s.d.j.r.query.QueryEnhancerFactory     : Hibernate is in classpath; If applicable, HQL parser will be used.
2025-11-12T02:30:05.504+07:00  WARN 21404 --- [bookingticket_backend] [  restartedMain] JpaBaseConfiguration$JpaWebConfiguration : spring.jpa.open-in-view is enabled by default. Therefore, database queries may be performed during view rendering. Explicitly configure spring.jpa.open-in-view to disable this warning
2025-11-12T02:30:05.948+07:00  INFO 21404 --- [bookingticket_backend] [  restartedMain] o.s.s.web.DefaultSecurityFilterChain     : Will secure any request with [org.springframework.security.web.session.DisableEncodeUrlFilter@65cf0960, org.springframework.security.web.context.request.async.WebAsyncManagerIntegrationFilter@35902624, org.springframework.security.web.context.SecurityContextHolderFilter@1a31c7ad, org.springframework.security.web.header.HeaderWriterFilter@1312b4a0, org.springframework.web.filter.CorsFilter@1ddc4573, org.springframework.security.web.authentication.logout.LogoutFilter@368419fe, org.springframework.security.oauth2.client.web.OAuth2AuthorizationRequestRedirectFilter@1eca4808, org.springframework.security.oauth2.client.web.OAuth2LoginAuthenticationFilter@3d2db441, org.springframework.security.web.authentication.ui.DefaultLoginPageGeneratingFilter@1eecb8e4, org.springframework.security.web.authentication.ui.DefaultLogoutPageGeneratingFilter@78446424, org.springframework.security.web.savedrequest.RequestCacheAwareFilter@7e2e2ce4, org.springframework.security.web.servletapi.SecurityContextHolderAwareRequestFilter@4e882953, org.springframework.security.web.authentication.AnonymousAuthenticationFilter@655de645, org.springframework.security.web.access.ExceptionTranslationFilter@6a3b2a8e, org.springframework.security.web.access.intercept.AuthorizationFilter@605b42d2]
2025-11-12T02:30:06.281+07:00  INFO 21404 --- [bookingticket_backend] [  restartedMain] o.s.b.d.a.OptionalLiveReloadServer       : LiveReload server is running on port 35729
2025-11-12T02:30:06.333+07:00  INFO 21404 --- [bookingticket_backend] [  restartedMain] o.s.b.w.embedded.tomcat.TomcatWebServer  : Tomcat started on port 8081 (http) with context path ''
2025-11-12T02:30:06.348+07:00  INFO 21404 --- [bookingticket_backend] [  restartedMain] .h.f.b.b.BookingticketBackendApplication : Started BookingticketBackendApplication in 9.664 seconds (process running for 10.429)
2025-11-12T02:31:44.304+07:00  INFO 21404 --- [bookingticket_backend] [nio-8081-exec-1] o.a.c.c.C.[Tomcat].[localhost].[/]       : Initializing Spring DispatcherServlet 'dispatcherServlet'
2025-11-12T02:31:44.304+07:00  INFO 21404 --- [bookingticket_backend] [nio-8081-exec-1] o.s.web.servlet.DispatcherServlet        : Initializing Servlet 'dispatcherServlet'
2025-11-12T02:31:44.314+07:00  INFO 21404 --- [bookingticket_backend] [nio-8081-exec-1] o.s.web.servlet.DispatcherServlet        : Completed initialization in 10 ms
